This file contains any messages produced by compilers while
running configure, to aid debugging if configure makes a mistake.

It was created by grbSim configure 0.1, which was
generated by GNU Autoconf 2.69.  Invocation command line was

  $ ./configure 

## --------- ##
## Platform. ##
## --------- ##

hostname = pool1.particle.kth.se
uname -m = x86_64
uname -r = 13.0.2
uname -s = Darwin
uname -v = Darwin Kernel Version 13.0.2: Sun Sep 29 19:38:57 PDT 2013; root:xnu-2422.75.4~1/RELEASE_X86_64

/usr/bin/uname -p = i386
/bin/uname -X     = unknown

/bin/arch              = unknown
/usr/bin/arch -k       = unknown
/usr/convex/getsysinfo = unknown
/usr/bin/hostinfo      = Mach kernel version:
	 Darwin Kernel Version 13.0.2: Sun Sep 29 19:38:57 PDT 2013; root:xnu-2422.75.4~1/RELEASE_X86_64
Kernel configured for up to 8 processors.
4 processors are physically available.
8 processors are logically available.
Processor type: i486 (Intel 80486)
Processors active: 0 1 2 3 4 5 6 7
Primary memory available: 16.00 gigabytes
Default processor set: 176 tasks, 984 threads, 8 processors
Load average: 1.31, Mach factor: 6.68
/bin/machine           = unknown
/usr/bin/oslevel       = unknown
/bin/universe          = unknown

PATH: /usr/local/bin
PATH: /usr/local/share/python
PATH: /usr/bin
PATH: /bin
PATH: /usr/sbin
PATH: /sbin
PATH: /usr/local/bin
PATH: /opt/X11/bin
PATH: /usr/texbin
PATH: /Users/jburgess/GBM/rsp/software
PATH: /Users/jburgess/GBM/rsp/SA_RSP_GEN


## ----------- ##
## Core tests. ##
## ----------- ##

configure:1852: checking for a BSD-compatible install
configure:1920: result: /usr/bin/install -c
configure:1931: checking whether build environment is sane
configure:1986: result: yes
configure:2137: checking for a thread-safe mkdir -p
configure:2176: result: ./install-sh -c -d
configure:2183: checking for gawk
configure:2213: result: no
configure:2183: checking for mawk
configure:2213: result: no
configure:2183: checking for nawk
configure:2213: result: no
configure:2183: checking for awk
configure:2199: found /usr/bin/awk
configure:2210: result: awk
configure:2221: checking whether make sets $(MAKE)
configure:2243: result: yes
configure:2272: checking whether make supports nested variables
configure:2289: result: yes
configure:2464: checking for g++
configure:2480: found /usr/bin/g++
configure:2491: result: g++
configure:2518: checking for C++ compiler version
configure:2527: g++ --version >&5
Apple LLVM version 5.0 (clang-500.2.79) (based on LLVM 3.3svn)
Target: x86_64-apple-darwin13.0.2
Thread model: posix
Configured with: --prefix=/Applications/Xcode.app/Contents/Developer/usr --with-gxx-include-dir=/usr/include/c++/4.2.1
configure:2538: $? = 0
configure:2527: g++ -v >&5
Configured with: --prefix=/Applications/Xcode.app/Contents/Developer/usr --with-gxx-include-dir=/usr/include/c++/4.2.1
Apple LLVM version 5.0 (clang-500.2.79) (based on LLVM 3.3svn)
Target: x86_64-apple-darwin13.0.2
Thread model: posix
configure:2538: $? = 0
configure:2527: g++ -V >&5
clang: error: argument to '-V' is missing (expected 1 value)
clang: error: no input files
configure:2538: $? = 1
configure:2527: g++ -qversion >&5
clang: error: no input files
configure:2538: $? = 1
configure:2558: checking whether the C++ compiler works
configure:2580: g++    conftest.cpp  >&5
configure:2584: $? = 0
configure:2632: result: yes
configure:2635: checking for C++ compiler default output file name
configure:2637: result: a.out
configure:2643: checking for suffix of executables
configure:2650: g++ -o conftest    conftest.cpp  >&5
configure:2654: $? = 0
configure:2676: result: 
configure:2698: checking whether we are cross compiling
configure:2706: g++ -o conftest    conftest.cpp  >&5
configure:2710: $? = 0
configure:2717: ./conftest
configure:2721: $? = 0
configure:2736: result: no
configure:2741: checking for suffix of object files
configure:2763: g++ -c   conftest.cpp >&5
configure:2767: $? = 0
configure:2788: result: o
configure:2792: checking whether we are using the GNU C++ compiler
configure:2811: g++ -c   conftest.cpp >&5
configure:2811: $? = 0
configure:2820: result: yes
configure:2829: checking whether g++ accepts -g
configure:2849: g++ -c -g  conftest.cpp >&5
configure:2849: $? = 0
configure:2890: result: yes
configure:2924: checking for style of include used by make
configure:2952: result: GNU
configure:2978: checking dependency style of g++
configure:3089: result: gcc3
configure:3167: checking for pkg-config
configure:3185: found /usr/local/bin/pkg-config
configure:3197: result: /usr/local/bin/pkg-config
configure:3222: checking pkg-config is at least version 0.9.0
configure:3225: result: yes
configure:3235: checking for gsl
configure:3242: $PKG_CONFIG --exists --print-errors "gsl"
configure:3245: $? = 0
configure:3259: $PKG_CONFIG --exists --print-errors "gsl"
configure:3262: $? = 0
configure:3320: result: yes
configure:3475: checking that generated files are newer than configure
configure:3481: result: done
configure:3504: creating ./config.status

## ---------------------- ##
## Running config.status. ##
## ---------------------- ##

This file was extended by grbSim config.status 0.1, which was
generated by GNU Autoconf 2.69.  Invocation command line was

  CONFIG_FILES    = 
  CONFIG_HEADERS  = 
  CONFIG_LINKS    = 
  CONFIG_COMMANDS = 
  $ ./config.status 

on pool1.particle.kth.se

config.status:779: creating Makefile
config.status:951: executing depfiles commands

## ---------------- ##
## Cache variables. ##
## ---------------- ##

ac_cv_cxx_compiler_gnu=yes
ac_cv_env_CCC_set=
ac_cv_env_CCC_value=
ac_cv_env_CPPFLAGS_set=
ac_cv_env_CPPFLAGS_value=
ac_cv_env_CXXFLAGS_set=
ac_cv_env_CXXFLAGS_value=
ac_cv_env_CXX_set=
ac_cv_env_CXX_value=
ac_cv_env_LDFLAGS_set=
ac_cv_env_LDFLAGS_value=
ac_cv_env_LIBS_set=
ac_cv_env_LIBS_value=
ac_cv_env_PKG_CONFIG_LIBDIR_set=
ac_cv_env_PKG_CONFIG_LIBDIR_value=
ac_cv_env_PKG_CONFIG_PATH_set=
ac_cv_env_PKG_CONFIG_PATH_value=
ac_cv_env_PKG_CONFIG_set=
ac_cv_env_PKG_CONFIG_value=
ac_cv_env_build_alias_set=
ac_cv_env_build_alias_value=
ac_cv_env_gsl_CFLAGS_set=
ac_cv_env_gsl_CFLAGS_value=
ac_cv_env_gsl_LIBS_set=
ac_cv_env_gsl_LIBS_value=
ac_cv_env_host_alias_set=
ac_cv_env_host_alias_value=
ac_cv_env_target_alias_set=
ac_cv_env_target_alias_value=
ac_cv_objext=o
ac_cv_path_ac_pt_PKG_CONFIG=/usr/local/bin/pkg-config
ac_cv_path_install='/usr/bin/install -c'
ac_cv_prog_AWK=awk
ac_cv_prog_ac_ct_CXX=g++
ac_cv_prog_cxx_g=yes
ac_cv_prog_make_make_set=yes
am_cv_CXX_dependencies_compiler_type=gcc3
am_cv_make_support_nested_variables=yes
pkg_cv_gsl_CFLAGS='-I/usr/local/Cellar/gsl/1.16/include '
pkg_cv_gsl_LIBS='-L/usr/local/Cellar/gsl/1.16/lib -lgsl -lgslcblas -lm '

## ----------------- ##
## Output variables. ##
## ----------------- ##

ACLOCAL='${SHELL} /Users/jburgess/Research/grb_sim/missing aclocal-1.14'
AMDEPBACKSLASH='\'
AMDEP_FALSE='#'
AMDEP_TRUE=''
AMTAR='$${TAR-tar}'
AM_BACKSLASH='\'
AM_DEFAULT_V='$(AM_DEFAULT_VERBOSITY)'
AM_DEFAULT_VERBOSITY='1'
AM_V='$(V)'
AUTOCONF='${SHELL} /Users/jburgess/Research/grb_sim/missing autoconf'
AUTOHEADER='${SHELL} /Users/jburgess/Research/grb_sim/missing autoheader'
AUTOMAKE='${SHELL} /Users/jburgess/Research/grb_sim/missing automake-1.14'
AWK='awk'
CPPFLAGS=''
CXX='g++'
CXXDEPMODE='depmode=gcc3'
CXXFLAGS='-g -O2'
CYGPATH_W='echo'
DEFS='-DPACKAGE_NAME=\"grbSim\" -DPACKAGE_TARNAME=\"grbSim\" -DPACKAGE_VERSION=\"0.1\" -DPACKAGE_STRING=\"grbSim\ 0.1\" -DPACKAGE_BUGREPORT=\"james.m.burgess@nasa.gov\" -DPACKAGE_URL=\"\"'
DEPDIR='.deps'
ECHO_C='\c'
ECHO_N=''
ECHO_T=''
EXEEXT=''
HRPLUS_API_VERSION='0.1'
HRPLUS_SO_VERSION='0:0:0'
INSTALL_DATA='${INSTALL} -m 644'
INSTALL_PROGRAM='${INSTALL}'
INSTALL_SCRIPT='${INSTALL}'
INSTALL_STRIP_PROGRAM='$(install_sh) -c -s'
LDFLAGS=''
LIBOBJS=''
LIBS=''
LTLIBOBJS=''
MAKEINFO='${SHELL} /Users/jburgess/Research/grb_sim/missing makeinfo'
MKDIR_P='./install-sh -c -d'
OBJEXT='o'
PACKAGE='grbSim'
PACKAGE_BUGREPORT='james.m.burgess@nasa.gov'
PACKAGE_NAME='grbSim'
PACKAGE_STRING='grbSim 0.1'
PACKAGE_TARNAME='grbSim'
PACKAGE_URL=''
PACKAGE_VERSION='0.1'
PATH_SEPARATOR=':'
PKG_CONFIG='/usr/local/bin/pkg-config'
PKG_CONFIG_LIBDIR=''
PKG_CONFIG_PATH=''
SET_MAKE=''
SHELL='/bin/sh'
STRIP=''
VERSION='0.1'
ac_ct_CXX='g++'
am__EXEEXT_FALSE=''
am__EXEEXT_TRUE='#'
am__fastdepCXX_FALSE='#'
am__fastdepCXX_TRUE=''
am__include='include'
am__isrc=''
am__leading_dot='.'
am__nodep='_no'
am__quote=''
am__tar='$${TAR-tar} chof - "$$tardir"'
am__untar='$${TAR-tar} xf -'
bindir='${exec_prefix}/bin'
build_alias=''
datadir='${datarootdir}'
datarootdir='${prefix}/share'
docdir='${datarootdir}/doc/${PACKAGE_TARNAME}'
dvidir='${docdir}'
exec_prefix='${prefix}'
gsl_CFLAGS='-I/usr/local/Cellar/gsl/1.16/include '
gsl_LIBS='-L/usr/local/Cellar/gsl/1.16/lib -lgsl -lgslcblas -lm '
host_alias=''
htmldir='${docdir}'
includedir='${prefix}/include'
infodir='${datarootdir}/info'
install_sh='${SHELL} /Users/jburgess/Research/grb_sim/install-sh'
libdir='${exec_prefix}/lib'
libexecdir='${exec_prefix}/libexec'
localedir='${datarootdir}/locale'
localstatedir='${prefix}/var'
mandir='${datarootdir}/man'
mkdir_p='$(MKDIR_P)'
oldincludedir='/usr/include'
pdfdir='${docdir}'
prefix='/usr/local'
program_transform_name='s,x,x,'
psdir='${docdir}'
sbindir='${exec_prefix}/sbin'
sharedstatedir='${prefix}/com'
sysconfdir='${prefix}/etc'
target_alias=''

## ----------- ##
## confdefs.h. ##
## ----------- ##

/* confdefs.h */
#define PACKAGE_NAME "grbSim"
#define PACKAGE_TARNAME "grbSim"
#define PACKAGE_VERSION "0.1"
#define PACKAGE_STRING "grbSim 0.1"
#define PACKAGE_BUGREPORT "james.m.burgess@nasa.gov"
#define PACKAGE_URL ""

configure: exit 0
